[2023-01-13 04:01:56Z INFO HostContext] No proxy settings were found based on environmental variables (http_proxy/https_proxy/HTTP_PROXY/HTTPS_PROXY)
[2023-01-13 04:01:56Z INFO HostContext] Well known directory 'Bin': '/Users/nelix/Desktop/HitRateCalc/actions-runner/bin'
[2023-01-13 04:01:56Z INFO HostContext] Well known directory 'Root': '/Users/nelix/Desktop/HitRateCalc/actions-runner'
[2023-01-13 04:01:56Z INFO HostContext] Well known config file 'Credentials': '/Users/nelix/Desktop/HitRateCalc/actions-runner/.credentials'
[2023-01-13 04:01:56Z INFO HostContext] Well known directory 'Bin': '/Users/nelix/Desktop/HitRateCalc/actions-runner/bin'
[2023-01-13 04:01:56Z INFO HostContext] Well known directory 'Root': '/Users/nelix/Desktop/HitRateCalc/actions-runner'
[2023-01-13 04:01:56Z INFO HostContext] Well known config file 'Runner': '/Users/nelix/Desktop/HitRateCalc/actions-runner/.runner'
[2023-01-13 04:01:56Z INFO Listener] Runner is built for OSX (Arm64) - osx-arm64.
[2023-01-13 04:01:56Z INFO Listener] RuntimeInformation: Darwin 21.6.0 Darwin Kernel Version 21.6.0: Sun Nov  6 23:31:13 PST 2022; root:xnu-8020.240.14~1/RELEASE_ARM64_T6000.
[2023-01-13 04:01:56Z INFO Listener] Version: 2.300.2
[2023-01-13 04:01:56Z INFO Listener] Commit: 5b39316bae9c5831bd23ae25cd63bf903488a9d0
[2023-01-13 04:01:56Z INFO Listener] Culture: en-US
[2023-01-13 04:01:56Z INFO Listener] UI Culture: en-US
[2023-01-13 04:01:56Z INFO HostContext] Well known directory 'Bin': '/Users/nelix/Desktop/HitRateCalc/actions-runner/bin'
[2023-01-13 04:01:56Z INFO HostContext] Well known directory 'Root': '/Users/nelix/Desktop/HitRateCalc/actions-runner'
[2023-01-13 04:01:56Z INFO Listener] Validating directory permissions for: '/Users/nelix/Desktop/HitRateCalc/actions-runner'
[2023-01-13 04:01:56Z INFO CommandLineParser] Parse
[2023-01-13 04:01:56Z INFO CommandLineParser] Parsing 1 args
[2023-01-13 04:01:56Z INFO CommandLineParser] parsing argument
[2023-01-13 04:01:56Z INFO CommandLineParser] HasArgs: False
[2023-01-13 04:01:56Z INFO CommandLineParser] Adding Command: run
[2023-01-13 04:01:56Z INFO Listener] Arguments parsed
[2023-01-13 04:01:56Z INFO Runner] ExecuteCommand
[2023-01-13 04:01:56Z INFO ConfigurationStore] currentAssemblyLocation: /Users/nelix/Desktop/HitRateCalc/actions-runner/bin/Runner.Listener.dll
[2023-01-13 04:01:56Z INFO HostContext] Well known directory 'Bin': '/Users/nelix/Desktop/HitRateCalc/actions-runner/bin'
[2023-01-13 04:01:56Z INFO ConfigurationStore] binPath: /Users/nelix/Desktop/HitRateCalc/actions-runner/bin
[2023-01-13 04:01:56Z INFO HostContext] Well known directory 'Bin': '/Users/nelix/Desktop/HitRateCalc/actions-runner/bin'
[2023-01-13 04:01:56Z INFO HostContext] Well known directory 'Root': '/Users/nelix/Desktop/HitRateCalc/actions-runner'
[2023-01-13 04:01:56Z INFO ConfigurationStore] RootFolder: /Users/nelix/Desktop/HitRateCalc/actions-runner
[2023-01-13 04:01:56Z INFO HostContext] Well known directory 'Bin': '/Users/nelix/Desktop/HitRateCalc/actions-runner/bin'
[2023-01-13 04:01:56Z INFO HostContext] Well known directory 'Root': '/Users/nelix/Desktop/HitRateCalc/actions-runner'
[2023-01-13 04:01:56Z INFO HostContext] Well known config file 'Runner': '/Users/nelix/Desktop/HitRateCalc/actions-runner/.runner'
[2023-01-13 04:01:56Z INFO ConfigurationStore] ConfigFilePath: /Users/nelix/Desktop/HitRateCalc/actions-runner/.runner
[2023-01-13 04:01:56Z INFO HostContext] Well known directory 'Bin': '/Users/nelix/Desktop/HitRateCalc/actions-runner/bin'
[2023-01-13 04:01:56Z INFO HostContext] Well known directory 'Root': '/Users/nelix/Desktop/HitRateCalc/actions-runner'
[2023-01-13 04:01:56Z INFO HostContext] Well known config file 'Credentials': '/Users/nelix/Desktop/HitRateCalc/actions-runner/.credentials'
[2023-01-13 04:01:56Z INFO ConfigurationStore] CredFilePath: /Users/nelix/Desktop/HitRateCalc/actions-runner/.credentials
[2023-01-13 04:01:56Z INFO HostContext] Well known directory 'Bin': '/Users/nelix/Desktop/HitRateCalc/actions-runner/bin'
[2023-01-13 04:01:56Z INFO HostContext] Well known directory 'Root': '/Users/nelix/Desktop/HitRateCalc/actions-runner'
[2023-01-13 04:01:56Z INFO HostContext] Well known config file 'MigratedCredentials': '/Users/nelix/Desktop/HitRateCalc/actions-runner/.credentials_migrated'
[2023-01-13 04:01:56Z INFO ConfigurationStore] MigratedCredFilePath: /Users/nelix/Desktop/HitRateCalc/actions-runner/.credentials_migrated
[2023-01-13 04:01:56Z INFO HostContext] Well known directory 'Bin': '/Users/nelix/Desktop/HitRateCalc/actions-runner/bin'
[2023-01-13 04:01:56Z INFO HostContext] Well known directory 'Root': '/Users/nelix/Desktop/HitRateCalc/actions-runner'
[2023-01-13 04:01:56Z INFO HostContext] Well known config file 'Service': '/Users/nelix/Desktop/HitRateCalc/actions-runner/.service'
[2023-01-13 04:01:56Z INFO ConfigurationStore] ServiceConfigFilePath: /Users/nelix/Desktop/HitRateCalc/actions-runner/.service
[2023-01-13 04:01:56Z INFO CommandSettings] Flag 'help': 'False'
[2023-01-13 04:01:56Z INFO CommandSettings] Flag 'version': 'False'
[2023-01-13 04:01:56Z INFO CommandSettings] Flag 'commit': 'False'
[2023-01-13 04:01:56Z INFO CommandSettings] Flag 'check': 'False'
[2023-01-13 04:01:56Z INFO CommandSettings] Command 'configure': 'False'
[2023-01-13 04:01:56Z INFO CommandSettings] Command 'remove': 'False'
[2023-01-13 04:01:56Z INFO CommandSettings] Command 'warmup': 'False'
[2023-01-13 04:01:56Z INFO ConfigurationManager] LoadSettings
[2023-01-13 04:01:56Z INFO ConfigurationStore] IsConfigured()
[2023-01-13 04:01:56Z INFO ConfigurationStore] IsConfigured: True
[2023-01-13 04:01:56Z INFO ConfigurationManager] Is configured: True
[2023-01-13 04:01:56Z INFO ConfigurationStore] Read setting file: 302 chars
[2023-01-13 04:01:56Z INFO ConfigurationManager] Settings Loaded
[2023-01-13 04:01:56Z INFO ConfigurationStore] IsServiceConfigured()
[2023-01-13 04:01:56Z INFO ConfigurationStore] IsServiceConfigured: False
[2023-01-13 04:01:56Z INFO CommandSettings] Command 'run': 'True'
[2023-01-13 04:01:56Z INFO ConfigurationStore] IsConfigured()
[2023-01-13 04:01:56Z INFO ConfigurationStore] IsConfigured: True
[2023-01-13 04:01:56Z INFO ConfigurationManager] Is configured: True
[2023-01-13 04:01:56Z INFO Runner] Could not parse the argument value '' for StartupType. Defaulting to Manual
[2023-01-13 04:01:56Z INFO Runner] Set runner startup type - Manual
[2023-01-13 04:01:56Z INFO CommandSettings] Flag 'once': 'False'
[2023-01-13 04:01:56Z INFO CommandSettings] Flag 'once': 'False'
[2023-01-13 04:01:56Z INFO Runner] RunAsync
[2023-01-13 04:01:56Z INFO ConfigurationManager] LoadSettings
[2023-01-13 04:01:56Z INFO ConfigurationStore] IsConfigured()
[2023-01-13 04:01:56Z INFO ConfigurationStore] IsConfigured: True
[2023-01-13 04:01:56Z INFO ConfigurationManager] Is configured: True
[2023-01-13 04:01:56Z INFO ConfigurationManager] Settings Loaded
[2023-01-13 04:01:56Z INFO MessageListener] {
  "AgentId": 21,
  "AgentName": "Nikolais-Mac-Studio",
  "PoolId": 1,
  "PoolName": "Default",
  "ServerUrl": "https://pipelines.actions.githubusercontent.com/7z11zXkXte6sG8itTV0Ic2UR1XIabPrTYaqk4kAGHRPSBMfRDM",
  "GitHubUrl": "https://github.com/nikolainobadi/HitRateCalc",
  "WorkFolder": "_work"
}
[2023-01-13 04:01:56Z INFO MessageListener] Loading Credentials
[2023-01-13 04:01:56Z INFO ConfigurationStore] HasCredentials()
[2023-01-13 04:01:56Z INFO ConfigurationStore] stored True
[2023-01-13 04:01:56Z INFO CredentialManager] GetCredentialProvider
[2023-01-13 04:01:56Z INFO CredentialManager] Creating type OAuth
[2023-01-13 04:01:56Z INFO CredentialManager] Creating credential type: OAuth
[2023-01-13 04:01:56Z INFO HostContext] Well known directory 'Bin': '/Users/nelix/Desktop/HitRateCalc/actions-runner/bin'
[2023-01-13 04:01:56Z INFO HostContext] Well known directory 'Root': '/Users/nelix/Desktop/HitRateCalc/actions-runner'
[2023-01-13 04:01:56Z INFO HostContext] Well known config file 'RSACredentials': '/Users/nelix/Desktop/HitRateCalc/actions-runner/.credentials_rsaparams'
[2023-01-13 04:01:56Z INFO RSAFileKeyManager] Loading RSA key parameters from file /Users/nelix/Desktop/HitRateCalc/actions-runner/.credentials_rsaparams
[2023-01-13 04:01:56Z INFO MessageListener] Attempt to create session.
[2023-01-13 04:01:56Z INFO MessageListener] Connecting to the Runner Server...
[2023-01-13 04:01:56Z INFO RunnerServer] EstablishVssConnection
[2023-01-13 04:01:56Z INFO RunnerServer] Establish connection with 100 seconds timeout.
[2023-01-13 04:01:56Z INFO GitHubActionsService] Starting operation Location.GetConnectionData
[2023-01-13 04:01:56Z INFO RunnerServer] EstablishVssConnection
[2023-01-13 04:01:56Z INFO RunnerServer] Establish connection with 60 seconds timeout.
[2023-01-13 04:01:56Z INFO GitHubActionsService] Starting operation Location.GetConnectionData
[2023-01-13 04:01:56Z INFO RunnerServer] EstablishVssConnection
[2023-01-13 04:01:56Z INFO RunnerServer] Establish connection with 60 seconds timeout.
[2023-01-13 04:01:56Z INFO GitHubActionsService] Starting operation Location.GetConnectionData
[2023-01-13 04:01:56Z INFO GitHubActionsService] Finished operation Location.GetConnectionData
[2023-01-13 04:01:56Z INFO GitHubActionsService] Finished operation Location.GetConnectionData
[2023-01-13 04:01:56Z INFO GitHubActionsService] Finished operation Location.GetConnectionData
[2023-01-13 04:01:56Z INFO MessageListener] VssConnection created
[2023-01-13 04:01:56Z INFO Terminal] WRITE LINE: 
[2023-01-13 04:01:56Z INFO Terminal] WRITE LINE: 
[2023-01-13 04:01:57Z INFO RSAFileKeyManager] Loading RSA key parameters from file /Users/nelix/Desktop/HitRateCalc/actions-runner/.credentials_rsaparams
[2023-01-13 04:01:57Z INFO RSAFileKeyManager] Loading RSA key parameters from file /Users/nelix/Desktop/HitRateCalc/actions-runner/.credentials_rsaparams
[2023-01-13 04:01:57Z INFO GitHubActionsService] AAD Correlation ID for this token request: Unknown
[2023-01-13 04:01:57Z INFO MessageListener] Session created.
[2023-01-13 04:01:57Z INFO Terminal] WRITE LINE: Current runner version: '2.300.2'
[2023-01-13 04:01:57Z INFO Terminal] WRITE LINE: 2023-01-13 04:01:57Z: Listening for Jobs
[2023-01-13 04:01:57Z INFO JobDispatcher] Set runner/worker IPC timeout to 30 seconds.
[2023-01-13 04:02:09Z INFO Terminal] WRITE LINE: Exiting...
[2023-01-13 04:02:09Z INFO ConfigurationStore] IsServiceConfigured()
[2023-01-13 04:02:09Z INFO ConfigurationStore] IsServiceConfigured: False
[2023-01-13 04:02:09Z INFO HostContext] Runner will be shutdown for UserCancelled
[2023-01-13 04:02:09Z WARN GitHubActionsService] GET request to https://pipelines.actions.githubusercontent.com/7z11zXkXte6sG8itTV0Ic2UR1XIabPrTYaqk4kAGHRPSBMfRDM/_apis/distributedtask/pools/1/messages?sessionId=71e4c834-8e69-4a2a-a6b8-6d0a9eacdcec&status=Online&runnerVersion=2.300.2 has been cancelled.
[2023-01-13 04:02:09Z INFO MessageListener] Get next message has been cancelled.
[2023-01-13 04:02:09Z INFO JobDispatcher] Shutting down JobDispatcher. Make sure all WorkerDispatcher has finished.
[2023-01-13 04:02:10Z INFO Listener] Runner execution been cancelled.
